20:00:24  INFO  manager.ApplicationManager - Tests starts on Chrome Driver
20:00:28  INFO  tests.TestBase - Start Test --> LoginTest2
20:00:28  INFO  manager.MyListener - Start search element by locator -->By.xpath: //a[.='LOGIN']
20:00:28  INFO  manager.MyListener - The element with locator --> By.xpath: //a[.='LOGIN'] was found
20:00:28  INFO  manager.MyListener - Start search element by locator -->By.xpath: //a[text()='LOGIN']
20:00:28  INFO  manager.MyListener - The element with locator --> By.xpath: //a[text()='LOGIN'] was found
20:00:28  INFO  manager.MyListener - Start search element by locator -->By.xpath: //input[1]
20:00:28  INFO  manager.MyListener - The element with locator --> By.xpath: //input[1] was found
20:00:28  INFO  manager.MyListener - Start search element by locator -->By.xpath: //input[2]
20:00:28  INFO  manager.MyListener - The element with locator --> By.xpath: //input[2] was found
20:00:29  INFO  manager.MyListener - Start search element by locator -->By.xpath: //button[1]
20:00:29  INFO  manager.MyListener - The element with locator --> By.xpath: //button[1] was found
20:00:29  INFO  manager.MyListener - Start search element by locator -->By.xpath: //button[text()='Sign Out']
20:00:30  INFO  manager.MyListener - The element with locator --> By.xpath: //button[text()='Sign Out'] was found
20:00:30  INFO  manager.MyListener - Start search element by locator -->By.xpath: //a[text()='LOGIN']
20:00:34  INFO  manager.MyListener - Somthing went wrong ! ! ! !
20:00:34  INFO  manager.MyListener - no such element: Unable to locate element: {"method":"xpath","selector":"//a[text()='LOGIN']"}
  (Session info: chrome=96.0.4664.45)
For documentation on this error, please visit: https://www.seleniumhq.org/exceptions/no_such_element.html
Build info: version: '3.141.59', revision: 'e82be7d358', time: '2018-11-14T08:17:03'
System info: host: 'ROMAN', ip: '192.168.1.186', os.name: 'Windows 10', os.arch: 'amd64', os.version: '10.0', java.version: '11.0.12'
Driver info: org.openqa.selenium.chrome.ChromeDriver
Capabilities {acceptInsecureCerts: false, browserName: chrome, browserVersion: 96.0.4664.45, chrome: {chromedriverVersion: 96.0.4664.45 (76e4c1bb2ab46..., userDataDir: C:\Users\COMP~1.ROM\AppData...}, goog:chromeOptions: {debuggerAddress: localhost:52355}, javascriptEnabled: true, networkConnectionEnabled: false, pageLoadStrategy: normal, platform: WINDOWS, platformName: WINDOWS, proxy: Proxy(), setWindowRect: true, strictFileInteractability: false, timeouts: {implicit: 0, pageLoad: 300000, script: 30000}, unhandledPromptBehavior: dismiss and notify, webauthn:extension:credBlob: true, webauthn:extension:largeBlob: true, webauthn:virtualAuthenticators: true}
Session ID: 04e28209e8f8ea6c851cd763b6b031df
*** Element info: {Using=xpath, value=//a[text()='LOGIN']}
20:00:34  INFO  manager.MyListener - org.openqa.selenium.NoSuchElementException: no such element: Unable to locate element: {"method":"xpath","selector":"//a[text()='LOGIN']"}
  (Session info: chrome=96.0.4664.45)
For documentation on this error, please visit: https://www.seleniumhq.org/exceptions/no_such_element.html
Build info: version: '3.141.59', revision: 'e82be7d358', time: '2018-11-14T08:17:03'
System info: host: 'ROMAN', ip: '192.168.1.186', os.name: 'Windows 10', os.arch: 'amd64', os.version: '10.0', java.version: '11.0.12'
Driver info: org.openqa.selenium.chrome.ChromeDriver
Capabilities {acceptInsecureCerts: false, browserName: chrome, browserVersion: 96.0.4664.45, chrome: {chromedriverVersion: 96.0.4664.45 (76e4c1bb2ab46..., userDataDir: C:\Users\COMP~1.ROM\AppData...}, goog:chromeOptions: {debuggerAddress: localhost:52355}, javascriptEnabled: true, networkConnectionEnabled: false, pageLoadStrategy: normal, platform: WINDOWS, platformName: WINDOWS, proxy: Proxy(), setWindowRect: true, strictFileInteractability: false, timeouts: {implicit: 0, pageLoad: 300000, script: 30000}, unhandledPromptBehavior: dismiss and notify, webauthn:extension:credBlob: true, webauthn:extension:largeBlob: true, webauthn:virtualAuthenticators: true}
Session ID: 04e28209e8f8ea6c851cd763b6b031df
*** Element info: {Using=xpath, value=//a[text()='LOGIN']}
20:00:34  INFO  manager.MyListener - This link to screenshot with error ----> src/test/screenshots/screenshots-34.png
20:00:34  INFO  manager.MyListener - Start search element by locator -->By.xpath: //button[text()='Sign Out']
20:00:34  INFO  manager.MyListener - The element with locator --> By.xpath: //button[text()='Sign Out'] was found
20:00:34  INFO  tests.TestBase - ***************************************************
20:00:34  INFO  tests.TestBase - Start Test --> LoginTestModel
20:00:34  INFO  manager.MyListener - Start search element by locator -->By.xpath: //a[.='LOGIN']
20:00:34  INFO  manager.MyListener - The element with locator --> By.xpath: //a[.='LOGIN'] was found
20:00:34  INFO  manager.MyListener - Start search element by locator -->By.xpath: //a[text()='LOGIN']
20:00:34  INFO  manager.MyListener - The element with locator --> By.xpath: //a[text()='LOGIN'] was found
20:00:34  INFO  manager.MyListener - Start search element by locator -->By.xpath: //input[1]
20:00:34  INFO  manager.MyListener - The element with locator --> By.xpath: //input[1] was found
20:00:35  INFO  manager.MyListener - Start search element by locator -->By.xpath: //input[2]
20:00:35  INFO  manager.MyListener - The element with locator --> By.xpath: //input[2] was found
20:00:35  INFO  manager.MyListener - Start search element by locator -->By.xpath: //button[1]
20:00:35  INFO  manager.MyListener - The element with locator --> By.xpath: //button[1] was found
20:00:35  INFO  manager.MyListener - Start search element by locator -->By.xpath: //button[text()='Sign Out']
20:00:35  INFO  manager.MyListener - The element with locator --> By.xpath: //button[text()='Sign Out'] was found
20:00:35  INFO  manager.MyListener - Start search element by locator -->By.xpath: //a[text()='LOGIN']
20:00:39  INFO  manager.MyListener - Somthing went wrong ! ! ! !
20:00:39  INFO  manager.MyListener - no such element: Unable to locate element: {"method":"xpath","selector":"//a[text()='LOGIN']"}
  (Session info: chrome=96.0.4664.45)
For documentation on this error, please visit: https://www.seleniumhq.org/exceptions/no_such_element.html
Build info: version: '3.141.59', revision: 'e82be7d358', time: '2018-11-14T08:17:03'
System info: host: 'ROMAN', ip: '192.168.1.186', os.name: 'Windows 10', os.arch: 'amd64', os.version: '10.0', java.version: '11.0.12'
Driver info: org.openqa.selenium.chrome.ChromeDriver
Capabilities {acceptInsecureCerts: false, browserName: chrome, browserVersion: 96.0.4664.45, chrome: {chromedriverVersion: 96.0.4664.45 (76e4c1bb2ab46..., userDataDir: C:\Users\COMP~1.ROM\AppData...}, goog:chromeOptions: {debuggerAddress: localhost:52355}, javascriptEnabled: true, networkConnectionEnabled: false, pageLoadStrategy: normal, platform: WINDOWS, platformName: WINDOWS, proxy: Proxy(), setWindowRect: true, strictFileInteractability: false, timeouts: {implicit: 0, pageLoad: 300000, script: 30000}, unhandledPromptBehavior: dismiss and notify, webauthn:extension:credBlob: true, webauthn:extension:largeBlob: true, webauthn:virtualAuthenticators: true}
Session ID: 04e28209e8f8ea6c851cd763b6b031df
*** Element info: {Using=xpath, value=//a[text()='LOGIN']}
20:00:39  INFO  manager.MyListener - org.openqa.selenium.NoSuchElementException: no such element: Unable to locate element: {"method":"xpath","selector":"//a[text()='LOGIN']"}
  (Session info: chrome=96.0.4664.45)
For documentation on this error, please visit: https://www.seleniumhq.org/exceptions/no_such_element.html
Build info: version: '3.141.59', revision: 'e82be7d358', time: '2018-11-14T08:17:03'
System info: host: 'ROMAN', ip: '192.168.1.186', os.name: 'Windows 10', os.arch: 'amd64', os.version: '10.0', java.version: '11.0.12'
Driver info: org.openqa.selenium.chrome.ChromeDriver
Capabilities {acceptInsecureCerts: false, browserName: chrome, browserVersion: 96.0.4664.45, chrome: {chromedriverVersion: 96.0.4664.45 (76e4c1bb2ab46..., userDataDir: C:\Users\COMP~1.ROM\AppData...}, goog:chromeOptions: {debuggerAddress: localhost:52355}, javascriptEnabled: true, networkConnectionEnabled: false, pageLoadStrategy: normal, platform: WINDOWS, platformName: WINDOWS, proxy: Proxy(), setWindowRect: true, strictFileInteractability: false, timeouts: {implicit: 0, pageLoad: 300000, script: 30000}, unhandledPromptBehavior: dismiss and notify, webauthn:extension:credBlob: true, webauthn:extension:largeBlob: true, webauthn:virtualAuthenticators: true}
Session ID: 04e28209e8f8ea6c851cd763b6b031df
*** Element info: {Using=xpath, value=//a[text()='LOGIN']}
20:00:39  INFO  manager.MyListener - This link to screenshot with error ----> src/test/screenshots/screenshots-39.png
20:00:39  INFO  manager.MyListener - Start search element by locator -->By.xpath: //button[text()='Sign Out']
20:00:39  INFO  manager.MyListener - The element with locator --> By.xpath: //button[text()='Sign Out'] was found
20:00:39  INFO  tests.TestBase - ***************************************************
